     1                                  ; print.asm
     2                                  extern printf
     3                                  section .data
     4 00000000 65010000                	radius dd 357
     5 00000004 5261646975733A2025-     	fmtint db "Radius: %d",10,0
     5 0000000D 640A00             
     6 00000010 1F85EB51B81E0940        	pie dq 3.14
     7 00000018 7069653A20256C660A-     	fmtfpt db "pie: %lf",10,0
     7 00000021 00                 
     8                                  section .bss
     9                                  section .text
    10                                  	global main
    11                                  main:
    12 00000000 55                      	push rbp
    13 00000001 4889E5                  	mov rbp, rsp
    14                                  
    15                                  	; print radius
    16                                  
    17 00000004 B800000000              	mov rax, 0	; no floating-point number
    18 00000009 48BF-                   	mov rdi, fmtint
    18 0000000B [0400000000000000] 
    19 00000013 488B3425[00000000]      	mov rsi, [radius]
    20 0000001B E8(00000000)            	call printf
    21                                  
    22                                  	; print pie
    23                                  
    24 00000020 B801000000              	mov rax, 1	; floating-point number is printing
    25 00000025 F30F7E0425-             	movq xmm0, [pie]
    25 0000002A [10000000]         
    26 0000002E 48BF-                   	mov rdi, fmtfpt
    26 00000030 [1800000000000000] 
    27 00000038 E8(00000000)            	call printf
    28                                  
    29 0000003D 4889EC                  	mov rsp, rbp
    30 00000040 5D                      	pop rbp
    31 00000041 C3                      ret
    32                                  
