     1                                  ; function.asm
     2                                  
     3                                  extern printf
     4                                  
     5                                  section .data
     6 00000000 0000000000002440        	radius		dq		10.0
     7 00000008 1F85EB51B81E0940        	pi		dq		3.14
     8 00000010 546865206172656120-     	fmt		db		"The area of the circle is %f",10,0
     8 00000019 6F6620746865206369-
     8 00000022 72636C652069732025-
     8 0000002B 660A00             
     9                                  
    10                                  section .bss
    11                                  
    12                                  section .text
    13                                  	global main
    14                                  
    15                                  main:
    16 00000000 55                      	push rbp
    17 00000001 4889E5                  	mov rbp, rsp
    18                                  
    19 00000004 E81F000000              	call area		;call the function area
    20 00000009 48BF-                   	mov rdi, fmt
    20 0000000B [1000000000000000] 
    21 00000013 F20F100C25-             	movsd xmm1, [radius]
    21 00000018 [00000000]         
    22 0000001C B801000000              	mov rax, 1
    23 00000021 E8(00000000)            	call printf
    24 00000026 C9                      leave
    25 00000027 C3                      ret
    26                                  
    27                                  ;---------------------------------------------------------------------------------------------------------------------------------------
    28                                  
    29                                  area:
    30 00000028 55                      	push rbp
    31 00000029 4889E5                  	mov rbp, rsp
    32                                  
    33 0000002C F20F100425-             	movsd xmm0, [radius]
    33 00000031 [00000000]         
    34 00000035 F20F590425-             	mulsd xmm0, [radius]
    34 0000003A [00000000]         
    35 0000003E F20F590425-             	mulsd xmm0, [pi]
    35 00000043 [08000000]         
    36 00000047 C9                      leave
    37 00000048 C3                      ret 
