     1                                  ; memory.asm
     2                                  
     3                                  section .data
     4 00000000 7B                      	bNum	db	123
     5 00000001 3930                    	wNum	dw	12345
     6 00000003 0000<rep 5h>            	warray	times	5 dw 0		;array of 5 words containing zero
     7                                  
     8 0000000D 39300000                	dNum	dd	12345
     9 00000011 3930000000000000        	qNum1	dq	12345
    10 00000019 61626300                	text1	db	"abc",0
    11 0000001D 50455254FB210940        	qNum2	dq	3.141592654
    12 00000025 63646500                	text2	db	"cde",0
    13                                  
    14                                  section .bss
    15 00000000 ??                      	bvar	resb	1
    16 00000001 ????????                	dvar	resd	1
    17 00000005 <res 14h>               	wvar	resw	10
    18 00000019 <res 18h>               	qvar	resq	3
    19                                  
    20                                  section .text
    21                                  	global main
    22                                  
    23                                  main:
    24 00000000 55                      	push rbp
    25 00000001 4889EC                  	mov rsp, rbp
    26                                  
    27 00000004 488D0425[00000000]      	lea rax, [bNum]		;load address of bNUm in rax
    28 0000000C 48B8-                   	mov rax, bNum		;load address of bNum in rax
    28 0000000E [0000000000000000] 
    29 00000016 488B0425[00000000]      	mov rax, [bNum]		;load value in bNum in rax
    30                                  
    31 0000001E 4889EC                  	mov rsp, rbp
    32 00000021 5D                      	pop rbp
    33 00000022 C3                      	ret
