     1                                  ; circle.asm
     2                                  
     3                                  extern pi
     4                                  
     5                                  section .data
     6                                  section .bss
     7                                  section .text
     8                                  ;--------------------------------------------------------------------------------------------------------------------------------------------------------------------------------------------------
     9                                  
    10                                  global c_area
    11                                  
    12                                  c_area:
    13                                  	section .text
    14 00000000 55                      	push rbp
    15 00000001 4889E5                  	mov rbp, rsp
    16 00000004 F20F100C25-             		movsd xmm1, qword [pi]
    16 00000009 [00000000]         
    17 0000000D F20F59C0                		mulsd xmm0, xmm0
    18 00000011 F20F59C1                		mulsd xmm0, xmm1
    19 00000015 4889EC                  	mov rsp, rbp
    20 00000018 5D                      	pop rbp
    21 00000019 C3                      	ret
    22                                  ;---------------------------------------------------------------------------------------------------------------------------------------------------------------------------------------------------------------------------
    23                                  
    24                                  global c_circum
    25                                  
    26                                  c_circum:
    27                                  	section .text
    28 0000001A 55                      	push rbp
    29 0000001B 4889E5                  	mov rbp, rsp
    30 0000001E F20F100C25-             		movsd xmm1, qword [pi]
    30 00000023 [00000000]         
    31 00000027 F20F58C0                		addsd xmm0, xmm0
    32 0000002B F20F59C1                		mulsd xmm0, xmm1
    33 0000002F 4889EC                  	mov rsp, rbp
    34 00000032 5D                      	pop rbp
    35 00000033 C3                      	ret
    36                                  
    37                                  
