     1                                  ; function4.asm
     2                                  
     3                                  extern printf
     4                                  extern c_area
     5                                  extern c_circum
     6                                  extern r_area
     7                                  extern r_circum
     8                                  
     9                                  global pi
    10                                  
    11                                  section .data
    12 00000000 50455254FB210940        	pi		dq		3.141592654
    13 00000008 0000000000002440        	radius		dq		10.0
    14 00000010 0400000000000000        	side1		dq		4
    15 00000018 0500000000000000        	side2		dq		5
    16 00000020 25732025660A00          	fmtf		db		"%s %f",10,0
    17 00000027 25732025640A00          	fmti		db		"%s %d",10,0
    18 0000002E 54686520636972636C-     	ca		db		"The circle area is ",0
    18 00000037 652061726561206973-
    18 00000040 2000               
    19 00000042 54686520636972636C-     	cc		db		"The circle circumference is",0
    19 0000004B 652063697263756D66-
    19 00000054 6572656E6365206973-
    19 0000005D 00                 
    20 0000005E 546865207265616374-     	ra		db		"The reactangle area is",0
    20 00000067 616E676C6520617265-
    20 00000070 6120697300         
    21 00000075 546865207265637461-     	rc		db		"The rectangle circumference is",0
    21 0000007E 6E676C652063697263-
    21 00000087 756D666572656E6365-
    21 00000090 20697300           
    22                                  
    23                                  section .bss
    24                                  section .text
    25                                  	global main
    26                                  
    27                                  main:
    28 00000000 55                      	push rbp
    29 00000001 4889E5                  	mov rbp, rsp
    30                                  	
    31                                  	; circle area
    32                                  
    33 00000004 F20F100425-             	movsd xmm0, qword [radius]		;radius xmm0 arguement
    33 00000009 [08000000]         
    34 0000000D E8(00000000)            	call c_area				;area returned in xmm0
    35                                  
    36                                  	;printing result
    37                                  
    38 00000012 48BF-                   	mov rdi, fmtf
    38 00000014 [2000000000000000] 
    39 0000001C 48BE-                   	mov rsi, ca
    39 0000001E [2E00000000000000] 
    40 00000026 B801000000              	mov rax, 1
    41 0000002B E8(00000000)            	call printf
    42                                  
    43                                  	; circle circumference
    44                                  
    45 00000030 F20F100425-             	movsd xmm0, qword [radius]
    45 00000035 [08000000]         
    46 00000039 E8(00000000)            	call c_circum
    47                                  
    48                                  	;print result
    49                                  
    50 0000003E 48BF-                   	mov rdi, fmtf
    50 00000040 [2000000000000000] 
    51 00000048 48BE-                           mov rsi, cc
    51 0000004A [4200000000000000] 
    52 00000052 B801000000                      mov rax, 1
    53 00000057 E8(00000000)                    call printf
    54                                  
    55                                  	; rectangle area
    56                                  
    57 0000005C 488B3C25[10000000]      	mov rdi, [side1]
    58 00000064 488B3425[18000000]      	mov rsi, [side2]
    59 0000006C E8(00000000)            	call r_area		; area returned in rax
    60                                  
    61                                  	;print result
    62                                  
    63 00000071 48BF-                   	mov rdi, fmti
    63 00000073 [2700000000000000] 
    64 0000007B 48BE-                   	mov rsi, ra
    64 0000007D [5E00000000000000] 
    65 00000085 4889C2                  	mov rdx, rax
    66 00000088 B800000000              	mov rax, 0
    67 0000008D E8(00000000)            	call printf
    68                                  
    69                                  	;rectangle circumference
    70                                  
    71 00000092 488B3C25[10000000]      	mov rdi, [side1]
    72 0000009A 488B3425[18000000]      	mov rsi, [side2]
    73 000000A2 E8(00000000)            	call r_circum		;circum in rax
    74                                  
    75                                  	;print result
    76                                  
    77 000000A7 48BF-                   	mov rdi, fmti
    77 000000A9 [2700000000000000] 
    78 000000B1 48BE-                   	mov rsi, rc
    78 000000B3 [7500000000000000] 
    79 000000BB 4889C2                  	mov rdx, rax
    80 000000BE B800000000              	mov rax, 0
    81 000000C3 E8(00000000)            	call printf
    82                                  
    83 000000C8 4889EC                  	mov rsp, rbp
    84 000000CB 5D                      	pop rbp
    85 000000CC C3                      	ret
