     1                                  ; align.asm
     2                                  
     3                                  extern printf
     4                                  
     5                                  section .data
     6 00000000 322074696D65732070-     	fmt		db		"2 times pi equals: %.14f",10,0
     6 00000009 6920657175616C733A-
     6 00000012 20252E3134660A00   
     7 0000001A 112D4454FB210940        	pi		dq		3.14159265358979
     8                                  
     9                                  section .bss
    10                                  
    11                                  section .text
    12                                  	global main
    13                                  
    14                                  ;-----------------------------------------------------------------------------------------------------------------------------------------------------------------------------------------------------------------
    15                                  func3:
    16 00000000 55                      	push rbp
    17 00000001 F20F100425-             	movsd xmm0, [pi]
    17 00000006 [1A000000]         
    18 0000000A F20F580425-             	addsd xmm0, [pi]
    18 0000000F [1A000000]         
    19 00000013 48BF-                   	mov rdi, fmt
    19 00000015 [0000000000000000] 
    20 0000001D B801000000              	mov rax, 1
    21 00000022 E8(00000000)            	call printf
    22 00000027 5D                      	pop rbp
    23 00000028 C3                      	ret
    24                                  ;----------------------------------------------------------------------------------------------------------------------------------------------------------------------------------------------------------------------
    25                                  func2:
    26 00000029 55                      	push rbp
    27 0000002A E8D1FFFFFF              	call func3
    28 0000002F 5D                      	pop rbp
    29 00000030 C3                      	ret
    30                                  ;-------------------------------------------------------------------------------------------------------------------------------------------------------------------------------------------------------------------------------------------------------------------------------------------------------------------------------------------------------------------------
    31                                  func1:
    32 00000031 55                      	push rbp
    33 00000032 E8F2FFFFFF              	call func2
    34 00000037 5D                      	pop rbp
    35 00000038 C3                      	ret
    36                                  ;-------------------------------------------------------------------------------------------------------------------------------------------------------------
    37                                  main:
    38 00000039 55                      	push rbp
    39 0000003A E8F2FFFFFF              	call func1
    40 0000003F 5D                      	pop rbp
    41 00000040 C3                      	ret
