     1                                  ; function2.asm
     2                                  
     3                                  extern printf
     4                                  
     5                                  section .data
     6 00000000 0000000000002440        	radius		dq		10.0
     7                                  section .bss
     8                                  section .text
     9                                  	global main
    10                                  ;-----------------------------------------------------------------------------------------------------------------------------------------------------------------------------------------------------------------------------------
    11                                  
    12                                  area:
    13                                  	section .data
    14 00000008 50455254FB210940        		.pi		dq		3.141592654		;local to area
    15                                  
    16                                  	section .text
    17                                  
    18 00000000 55                      	push rbp
    19 00000001 4889E5                  	mov rbp, rsp
    20                                  
    21 00000004 F20F100425-             	movsd xmm0, [radius]
    21 00000009 [00000000]         
    22 0000000D F20F590425-             	mulsd xmm0, [radius]
    22 00000012 [00000000]         
    23 00000016 F20F590425-             	mulsd xmm0, [.pi]
    23 0000001B [08000000]         
    24                                  
    25 0000001F C9                      	leave
    26 00000020 C3                      	ret
    27                                  
    28                                  ;------------------------------------------------------------------------------------------------------------------------------------------------------------------------------------------------------------------------------
    29                                  
    30                                  circle:
    31                                  	section .data
    32 00000010 546865206172656120-     		.fmt_area		db		"The area is %f",10,0
    32 00000019 69732025660A00     
    33                                  
    34                                  	section .text
    35                                  
    36 00000021 55                      	push rbp
    37 00000022 4889E5                  	mov rbp, rsp
    38                                  
    39 00000025 E8D6FFFFFF              	call area
    40 0000002A 48BF-                   	mov rdi, .fmt_area
    40 0000002C [1000000000000000] 
    41 00000034 B801000000              	mov rax, 1
    42 00000039 E8(00000000)            	call printf
    43                                  
    44 0000003E C9                      	leave
    45 0000003F C3                      	ret
    46                                  
    47                                  main:
    48                                  
    49 00000040 55                      	push rbp
    50 00000041 4889E5                  	mov rbp, rsp
    51 00000044 E8D8FFFFFF              	call circle
    52 00000049 C9                      	leave
    53 0000004A C3                      	ret
