     1                                  ; rect.asm
     2                                  
     3                                  extern printf
     4                                  
     5                                  section .data
     6 00000000 0000000000002440        	length         dq              10.0
     7 00000008 0000000000003440                breadth                dq              20.0
     8 00000010 546865206172656120-     	fmt             db              "The area of rectangle is: %f",10,0
     8 00000019 6F662072656374616E-
     8 00000022 676C652069733A2025-
     8 0000002B 660A00             
     9                                  
    10                                  section .bss
    11                                  
    12                                  section .text
    13                                  	global main
    14                                  
    15                                  area:
    16                                  	section .data
    17                                  
    18                                  	section .text
    19                                  
    20 00000000 55                      	push rbp
    21 00000001 4889E5                  	mov rbp, rsp
    22                                  
    23 00000004 F20F100425-             	movsd xmm0, [length]
    23 00000009 [00000000]         
    24 0000000D F20F590425-             	mulsd xmm0, [breadth]
    24 00000012 [08000000]         
    25                                  
    26 00000016 C9                      	leave
    27 00000017 C3                      	ret
    28                                  
    29                                  print_area:
    30                                  	section .data
    31                                  		
    32                                  	section .text
    33                                  
    34 00000018 55                      	push rbp
    35 00000019 4889E5                  	mov rbp, rsp
    36                                  
    37 0000001C E8DFFFFFFF              	call area
    38 00000021 48BF-                   	mov rdi, fmt
    38 00000023 [1000000000000000] 
    39 0000002B B801000000              	mov rax, 1
    40 00000030 E8(00000000)            	call printf
    41                                  
    42 00000035 C9                      	leave
    43 00000036 C3                      	ret
    44                                  
    45                                  main:
    46 00000037 55                      	push rbp
    47 00000038 4889E5                  	mov rbp, rsp
    48                                  
    49 0000003B E8D8FFFFFF              	call print_area
    50                                  	
    51 00000040 C9                      	leave
    52 00000041 C3                      	ret
    53                                  
    54                                  
    55                                  
